Sep 18 09:55:26  [info] $Fatal Error Details = Array
(
    [callback] => Array
        (
            [0] => CRM_Core_Error
            [1] => handle
        )

    [code] => a515ac9c2796ca0e23adbe92c68fc9fc
    [message] => DB Error: a515ac9c2796ca0e23adbe92c68fc9fc
    [mode] => 16
    [debug_info] => INSERT INTO civicrm_email (contact_id , location_type_id , email , is_primary , is_billing ) VALUES ( 1189 ,  1 , 'suzwhite@swhitemedia.com' ,  1 ,  0 )  [nativecode=1213 ** Deadlock found when trying to get lock; try restarting transaction]
    [type] => DB_Error
    [user_info] => INSERT INTO civicrm_email (contact_id , location_type_id , email , is_primary , is_billing ) VALUES ( 1189 ,  1 , 'suzwhite@swhitemedia.com' ,  1 ,  0 )  [nativecode=1213 ** Deadlock found when trying to get lock; try restarting transaction]
    [to_string] => [db_error: message="DB Error: a515ac9c2796ca0e23adbe92c68fc9fc" code=0 mode=callback callback=CRM_Core_Error::handle prefix="" info="INSERT INTO civicrm_email (contact_id , location_type_id , email , is_primary , is_billing ) VALUES ( 1189 ,  1 , 'suzwhite@swhitemedia.com' ,  1 ,  0 )  [nativecode=1213 ** Deadlock found when trying to get lock; try restarting transaction]"]
)


Sep 18 09:55:26  [info] $Fatal Error Details = Array
(
    [callback] => Array
        (
            [0] => CRM_Core_Error
            [1] => handle
        )

    [code] => a515ac9c2796ca0e23adbe92c68fc9fc
    [message] => DB Error: a515ac9c2796ca0e23adbe92c68fc9fc
    [mode] => 16
    [debug_info] => INSERT INTO civicrm_email (contact_id , location_type_id , email , is_primary , is_billing ) VALUES ( 1188 ,  1 , 'suzwhite@swhitemedia.com' ,  1 ,  0 )  [nativecode=1213 ** Deadlock found when trying to get lock; try restarting transaction]
    [type] => DB_Error
    [user_info] => INSERT INTO civicrm_email (contact_id , location_type_id , email , is_primary , is_billing ) VALUES ( 1188 ,  1 , 'suzwhite@swhitemedia.com' ,  1 ,  0 )  [nativecode=1213 ** Deadlock found when trying to get lock; try restarting transaction]
    [to_string] => [db_error: message="DB Error: a515ac9c2796ca0e23adbe92c68fc9fc" code=0 mode=callback callback=CRM_Core_Error::handle prefix="" info="INSERT INTO civicrm_email (contact_id , location_type_id , email , is_primary , is_billing ) VALUES ( 1188 ,  1 , 'suzwhite@swhitemedia.com' ,  1 ,  0 )  [nativecode=1213 ** Deadlock found when trying to get lock; try restarting transaction]"]
)


Sep 18 09:55:26  [info] $backTrace = /home/paintco/public_html/sites/all/modules/civicrm/CRM/Core/Error.php, backtrace, 205
, handle, 
/home/paintco/public_html/sites/all/modules/civicrm/packages/PEAR.php, call_user_func, 931
/home/paintco/public_html/sites/all/modules/civicrm/packages/DB.php, PEAR_Error, 971
/home/paintco/public_html/sites/all/modules/civicrm/packages/PEAR.php, DB_Error, 564
/home/paintco/public_html/sites/all/modules/civicrm/packages/DB/common.php, raiseError, 1903
/home/paintco/public_html/sites/all/modules/civicrm/packages/DB/mysql.php, raiseError, 898
/home/paintco/public_html/sites/all/modules/civicrm/packages/DB/mysql.php, mysqlRaiseError, 327
/home/paintco/public_html/sites/all/modules/civicrm/packages/DB/common.php, simpleQuery, 1216
/home/paintco/public_html/sites/all/modules/civicrm/packages/DB/DataObject.php, query, 2428
/home/paintco/public_html/sites/all/modules/civicrm/packages/DB/DataObject.php, _query, 1056
/home/paintco/public_html/sites/all/modules/civicrm/CRM/Core/DAO.php, insert, 302
/home/paintco/public_html/sites/all/modules/civicrm/CRM/Core/BAO/Email.php, save, 76
/home/paintco/public_html/sites/all/modules/civicrm/CRM/Core/BAO/Block.php(341) : eval()'d code, add, 1
/home/paintco/public_html/sites/all/modules/civicrm/CRM/Core/BAO/Block.php, eval, 341
/home/paintco/public_html/sites/all/modules/civicrm/CRM/Core/BAO/Location.php(75) : eval()'d code, create, 1
/home/paintco/public_html/sites/all/modules/civicrm/CRM/Core/BAO/Location.php, eval, 75
/home/paintco/public_html/sites/all/modules/civicrm/CRM/Contact/BAO/Contact.php, create, 323
/home/paintco/public_html/sites/all/modules/civicrm/CRM/Contact/BAO/Contact.php, create, 1568
/home/paintco/public_html/sites/all/modules/civicrm/CRM/Profile/Form.php, createProfileContact, 1037
/home/paintco/public_html/sites/all/modules/civicrm/CRM/Profile/Form/Edit.php, postProcess, 247
/home/paintco/public_html/sites/all/modules/civicrm/CRM/Core/Form.php, postProcess, 254
/home/paintco/public_html/sites/all/modules/civicrm/CRM/Core/StateMachine.php, mainProcess, 167
/home/paintco/public_html/sites/all/modules/civicrm/CRM/Core/QuickForm/Action/Next.php, perform, 64
/home/paintco/public_html/sites/all/modules/civicrm/packages/HTML/QuickForm/Controller.php, perform, 203
/home/paintco/public_html/sites/all/modules/civicrm/packages/HTML/QuickForm/Page.php, handle, 103
/home/paintco/public_html/sites/all/modules/civicrm/CRM/Core/Controller.php, handle, 284
/home/paintco/public_html/sites/all/modules/civicrm/CRM/Utils/Wrapper.php, run, 117
/home/paintco/public_html/sites/all/modules/civicrm/CRM/Core/Invoke.php, run, 355
, profile, 
/home/paintco/public_html/sites/all/modules/civicrm/CRM/Core/Invoke.php, call_user_func, 194
/home/paintco/public_html/sites/all/modules/civicrm/drupal/civicrm.module, invoke, 352
, civicrm_invoke, 
/home/paintco/public_html/includes/menu.inc, call_user_func_array, 350
/home/paintco/public_html/index.php, menu_execute_active_handler, 17

Sep 18 09:55:26  [info] $backTrace = /home/paintco/public_html/sites/all/modules/civicrm/CRM/Core/Error.php, backtrace, 205
, handle, 
/home/paintco/public_html/sites/all/modules/civicrm/packages/PEAR.php, call_user_func, 931
/home/paintco/public_html/sites/all/modules/civicrm/packages/DB.php, PEAR_Error, 971
/home/paintco/public_html/sites/all/modules/civicrm/packages/PEAR.php, DB_Error, 564
/home/paintco/public_html/sites/all/modules/civicrm/packages/DB/common.php, raiseError, 1903
/home/paintco/public_html/sites/all/modules/civicrm/packages/DB/mysql.php, raiseError, 898
/home/paintco/public_html/sites/all/modules/civicrm/packages/DB/mysql.php, mysqlRaiseError, 327
/home/paintco/public_html/sites/all/modules/civicrm/packages/DB/common.php, simpleQuery, 1216
/home/paintco/public_html/sites/all/modules/civicrm/packages/DB/DataObject.php, query, 2428
/home/paintco/public_html/sites/all/modules/civicrm/packages/DB/DataObject.php, _query, 1056
/home/paintco/public_html/sites/all/modules/civicrm/CRM/Core/DAO.php, insert, 302
/home/paintco/public_html/sites/all/modules/civicrm/CRM/Core/BAO/Email.php, save, 76
/home/paintco/public_html/sites/all/modules/civicrm/CRM/Core/BAO/Block.php(341) : eval()'d code, add, 1
/home/paintco/public_html/sites/all/modules/civicrm/CRM/Core/BAO/Block.php, eval, 341
/home/paintco/public_html/sites/all/modules/civicrm/CRM/Core/BAO/Location.php(75) : eval()'d code, create, 1
/home/paintco/public_html/sites/all/modules/civicrm/CRM/Core/BAO/Location.php, eval, 75
/home/paintco/public_html/sites/all/modules/civicrm/CRM/Contact/BAO/Contact.php, create, 323
/home/paintco/public_html/sites/all/modules/civicrm/CRM/Contact/BAO/Contact.php, create, 1568
/home/paintco/public_html/sites/all/modules/civicrm/CRM/Profile/Form.php, createProfileContact, 1037
/home/paintco/public_html/sites/all/modules/civicrm/CRM/Profile/Form/Edit.php, postProcess, 247
/home/paintco/public_html/sites/all/modules/civicrm/CRM/Core/Form.php, postProcess, 254
/home/paintco/public_html/sites/all/modules/civicrm/CRM/Core/StateMachine.php, mainProcess, 167
/home/paintco/public_html/sites/all/modules/civicrm/CRM/Core/QuickForm/Action/Next.php, perform, 64
/home/paintco/public_html/sites/all/modules/civicrm/packages/HTML/QuickForm/Controller.php, perform, 203
/home/paintco/public_html/sites/all/modules/civicrm/packages/HTML/QuickForm/Page.php, handle, 103
/home/paintco/public_html/sites/all/modules/civicrm/CRM/Core/Controller.php, handle, 284
/home/paintco/public_html/sites/all/modules/civicrm/CRM/Utils/Wrapper.php, run, 117
/home/paintco/public_html/sites/all/modules/civicrm/CRM/Core/Invoke.php, run, 355
, profile, 
/home/paintco/public_html/sites/all/modules/civicrm/CRM/Core/Invoke.php, call_user_func, 194
/home/paintco/public_html/sites/all/modules/civicrm/drupal/civicrm.module, invoke, 352
, civicrm_invoke, 
/home/paintco/public_html/includes/menu.inc, call_user_func_array, 350
/home/paintco/public_html/index.php, menu_execute_active_handler, 17

Sep 18 09:55:26  [info] $Fatal Error Details = Array
(
    [callback] => Array
        (
            [0] => CRM_Core_Error
            [1] => handle
        )

    [code] => a515ac9c2796ca0e23adbe92c68fc9fc
    [message] => DB Error: a515ac9c2796ca0e23adbe92c68fc9fc
    [mode] => 16
    [debug_info] => INSERT INTO civicrm_email (contact_id , location_type_id , email , is_primary , is_billing ) VALUES ( 1190 ,  1 , 'suzwhite@swhitemedia.com' ,  1 ,  0 )  [nativecode=1213 ** Deadlock found when trying to get lock; try restarting transaction]
    [type] => DB_Error
    [user_info] => INSERT INTO civicrm_email (contact_id , location_type_id , email , is_primary , is_billing ) VALUES ( 1190 ,  1 , 'suzwhite@swhitemedia.com' ,  1 ,  0 )  [nativecode=1213 ** Deadlock found when trying to get lock; try restarting transaction]
    [to_string] => [db_error: message="DB Error: a515ac9c2796ca0e23adbe92c68fc9fc" code=0 mode=callback callback=CRM_Core_Error::handle prefix="" info="INSERT INTO civicrm_email (contact_id , location_type_id , email , is_primary , is_billing ) VALUES ( 1190 ,  1 , 'suzwhite@swhitemedia.com' ,  1 ,  0 )  [nativecode=1213 ** Deadlock found when trying to get lock; try restarting transaction]"]
)


Sep 18 09:55:26  [info] $backTrace = /home/paintco/public_html/sites/all/modules/civicrm/CRM/Core/Error.php, backtrace, 205
, handle, 
/home/paintco/public_html/sites/all/modules/civicrm/packages/PEAR.php, call_user_func, 931
/home/paintco/public_html/sites/all/modules/civicrm/packages/DB.php, PEAR_Error, 971
/home/paintco/public_html/sites/all/modules/civicrm/packages/PEAR.php, DB_Error, 564
/home/paintco/public_html/sites/all/modules/civicrm/packages/DB/common.php, raiseError, 1903
/home/paintco/public_html/sites/all/modules/civicrm/packages/DB/mysql.php, raiseError, 898
/home/paintco/public_html/sites/all/modules/civicrm/packages/DB/mysql.php, mysqlRaiseError, 327
/home/paintco/public_html/sites/all/modules/civicrm/packages/DB/common.php, simpleQuery, 1216
/home/paintco/public_html/sites/all/modules/civicrm/packages/DB/DataObject.php, query, 2428
/home/paintco/public_html/sites/all/modules/civicrm/packages/DB/DataObject.php, _query, 1056
/home/paintco/public_html/sites/all/modules/civicrm/CRM/Core/DAO.php, insert, 302
/home/paintco/public_html/sites/all/modules/civicrm/CRM/Core/BAO/Email.php, save, 76
/home/paintco/public_html/sites/all/modules/civicrm/CRM/Core/BAO/Block.php(341) : eval()'d code, add, 1
/home/paintco/public_html/sites/all/modules/civicrm/CRM/Core/BAO/Block.php, eval, 341
/home/paintco/public_html/sites/all/modules/civicrm/CRM/Core/BAO/Location.php(75) : eval()'d code, create, 1
/home/paintco/public_html/sites/all/modules/civicrm/CRM/Core/BAO/Location.php, eval, 75
/home/paintco/public_html/sites/all/modules/civicrm/CRM/Contact/BAO/Contact.php, create, 323
/home/paintco/public_html/sites/all/modules/civicrm/CRM/Contact/BAO/Contact.php, create, 1568
/home/paintco/public_html/sites/all/modules/civicrm/CRM/Profile/Form.php, createProfileContact, 1037
/home/paintco/public_html/sites/all/modules/civicrm/CRM/Profile/Form/Edit.php, postProcess, 247
/home/paintco/public_html/sites/all/modules/civicrm/CRM/Core/Form.php, postProcess, 254
/home/paintco/public_html/sites/all/modules/civicrm/CRM/Core/StateMachine.php, mainProcess, 167
/home/paintco/public_html/sites/all/modules/civicrm/CRM/Core/QuickForm/Action/Next.php, perform, 64
/home/paintco/public_html/sites/all/modules/civicrm/packages/HTML/QuickForm/Controller.php, perform, 203
/home/paintco/public_html/sites/all/modules/civicrm/packages/HTML/QuickForm/Page.php, handle, 103
/home/paintco/public_html/sites/all/modules/civicrm/CRM/Core/Controller.php, handle, 284
/home/paintco/public_html/sites/all/modules/civicrm/CRM/Utils/Wrapper.php, run, 117
/home/paintco/public_html/sites/all/modules/civicrm/CRM/Core/Invoke.php, run, 355
, profile, 
/home/paintco/public_html/sites/all/modules/civicrm/CRM/Core/Invoke.php, call_user_func, 194
/home/paintco/public_html/sites/all/modules/civicrm/drupal/civicrm.module, invoke, 352
, civicrm_invoke, 
/home/paintco/public_html/includes/menu.inc, call_user_func_array, 350
/home/paintco/public_html/index.php, menu_execute_active_handler, 17

Sep 20 01:29:02  [info] $Fatal Error Details = Array
(
    [callback] => Array
        (
            [0] => CRM_Core_Error
            [1] => handle
        )

    [code] => a515ac9c2796ca0e23adbe92c68fc9fc
    [message] => DB Error: a515ac9c2796ca0e23adbe92c68fc9fc
    [mode] => 16
    [debug_info] => INSERT INTO civicrm_email (contact_id , location_type_id , email , is_primary , is_billing ) VALUES ( 1191 ,  1 , 'thefarleys4@yahoo.com' ,  1 ,  0 )  [nativecode=1213 ** Deadlock found when trying to get lock; try restarting transaction]
    [type] => DB_Error
    [user_info] => INSERT INTO civicrm_email (contact_id , location_type_id , email , is_primary , is_billing ) VALUES ( 1191 ,  1 , 'thefarleys4@yahoo.com' ,  1 ,  0 )  [nativecode=1213 ** Deadlock found when trying to get lock; try restarting transaction]
    [to_string] => [db_error: message="DB Error: a515ac9c2796ca0e23adbe92c68fc9fc" code=0 mode=callback callback=CRM_Core_Error::handle prefix="" info="INSERT INTO civicrm_email (contact_id , location_type_id , email , is_primary , is_billing ) VALUES ( 1191 ,  1 , 'thefarleys4@yahoo.com' ,  1 ,  0 )  [nativecode=1213 ** Deadlock found when trying to get lock; try restarting transaction]"]
)


Sep 20 01:29:02  [info] $backTrace = /home/paintco/public_html/sites/all/modules/civicrm/CRM/Core/Error.php, backtrace, 205
, handle, 
/home/paintco/public_html/sites/all/modules/civicrm/packages/PEAR.php, call_user_func, 931
/home/paintco/public_html/sites/all/modules/civicrm/packages/DB.php, PEAR_Error, 971
/home/paintco/public_html/sites/all/modules/civicrm/packages/PEAR.php, DB_Error, 564
/home/paintco/public_html/sites/all/modules/civicrm/packages/DB/common.php, raiseError, 1903
/home/paintco/public_html/sites/all/modules/civicrm/packages/DB/mysql.php, raiseError, 898
/home/paintco/public_html/sites/all/modules/civicrm/packages/DB/mysql.php, mysqlRaiseError, 327
/home/paintco/public_html/sites/all/modules/civicrm/packages/DB/common.php, simpleQuery, 1216
/home/paintco/public_html/sites/all/modules/civicrm/packages/DB/DataObject.php, query, 2428
/home/paintco/public_html/sites/all/modules/civicrm/packages/DB/DataObject.php, _query, 1056
/home/paintco/public_html/sites/all/modules/civicrm/CRM/Core/DAO.php, insert, 302
/home/paintco/public_html/sites/all/modules/civicrm/CRM/Core/BAO/Email.php, save, 76
/home/paintco/public_html/sites/all/modules/civicrm/CRM/Core/BAO/Block.php(341) : eval()'d code, add, 1
/home/paintco/public_html/sites/all/modules/civicrm/CRM/Core/BAO/Block.php, eval, 341
/home/paintco/public_html/sites/all/modules/civicrm/CRM/Core/BAO/Location.php(75) : eval()'d code, create, 1
/home/paintco/public_html/sites/all/modules/civicrm/CRM/Core/BAO/Location.php, eval, 75
/home/paintco/public_html/sites/all/modules/civicrm/CRM/Contact/BAO/Contact.php, create, 323
/home/paintco/public_html/sites/all/modules/civicrm/CRM/Contact/BAO/Contact.php, create, 1568
/home/paintco/public_html/sites/all/modules/civicrm/CRM/Profile/Form.php, createProfileContact, 1037
/home/paintco/public_html/sites/all/modules/civicrm/CRM/Profile/Form/Edit.php, postProcess, 247
/home/paintco/public_html/sites/all/modules/civicrm/CRM/Core/Form.php, postProcess, 254
/home/paintco/public_html/sites/all/modules/civicrm/CRM/Core/StateMachine.php, mainProcess, 167
/home/paintco/public_html/sites/all/modules/civicrm/CRM/Core/QuickForm/Action/Next.php, perform, 64
/home/paintco/public_html/sites/all/modules/civicrm/packages/HTML/QuickForm/Controller.php, perform, 203
/home/paintco/public_html/sites/all/modules/civicrm/packages/HTML/QuickForm/Page.php, handle, 103
/home/paintco/public_html/sites/all/modules/civicrm/CRM/Core/Controller.php, handle, 284
/home/paintco/public_html/sites/all/modules/civicrm/CRM/Utils/Wrapper.php, run, 117
/home/paintco/public_html/sites/all/modules/civicrm/CRM/Core/Invoke.php, run, 355
, profile, 
/home/paintco/public_html/sites/all/modules/civicrm/CRM/Core/Invoke.php, call_user_func, 194
/home/paintco/public_html/sites/all/modules/civicrm/drupal/civicrm.module, invoke, 352
, civicrm_invoke, 
/home/paintco/public_html/includes/menu.inc, call_user_func_array, 350
/home/paintco/public_html/index.php, menu_execute_active_handler, 17

Sep 21 11:53:51  [info] $Fatal Error Details = Array
(
    [callback] => Array
        (
            [0] => CRM_Core_Error
            [1] => handle
        )

    [code] => a515ac9c2796ca0e23adbe92c68fc9fc
    [message] => DB Error: a515ac9c2796ca0e23adbe92c68fc9fc
    [mode] => 16
    [debug_info] => INSERT INTO civicrm_email (contact_id , location_type_id , email , is_primary , is_billing ) VALUES ( 1194 ,  1 , 'a113058@aol.com' ,  1 ,  0 )  [nativecode=1213 ** Deadlock found when trying to get lock; try restarting transaction]
    [type] => DB_Error
    [user_info] => INSERT INTO civicrm_email (contact_id , location_type_id , email , is_primary , is_billing ) VALUES ( 1194 ,  1 , 'a113058@aol.com' ,  1 ,  0 )  [nativecode=1213 ** Deadlock found when trying to get lock; try restarting transaction]
    [to_string] => [db_error: message="DB Error: a515ac9c2796ca0e23adbe92c68fc9fc" code=0 mode=callback callback=CRM_Core_Error::handle prefix="" info="INSERT INTO civicrm_email (contact_id , location_type_id , email , is_primary , is_billing ) VALUES ( 1194 ,  1 , 'a113058@aol.com' ,  1 ,  0 )  [nativecode=1213 ** Deadlock found when trying to get lock; try restarting transaction]"]
)


Sep 21 11:53:51  [info] $backTrace = /home/paintco/public_html/sites/all/modules/civicrm/CRM/Core/Error.php, backtrace, 205
, handle, 
/home/paintco/public_html/sites/all/modules/civicrm/packages/PEAR.php, call_user_func, 931
/home/paintco/public_html/sites/all/modules/civicrm/packages/DB.php, PEAR_Error, 971
/home/paintco/public_html/sites/all/modules/civicrm/packages/PEAR.php, DB_Error, 564
/home/paintco/public_html/sites/all/modules/civicrm/packages/DB/common.php, raiseError, 1903
/home/paintco/public_html/sites/all/modules/civicrm/packages/DB/mysql.php, raiseError, 898
/home/paintco/public_html/sites/all/modules/civicrm/packages/DB/mysql.php, mysqlRaiseError, 327
/home/paintco/public_html/sites/all/modules/civicrm/packages/DB/common.php, simpleQuery, 1216
/home/paintco/public_html/sites/all/modules/civicrm/packages/DB/DataObject.php, query, 2428
/home/paintco/public_html/sites/all/modules/civicrm/packages/DB/DataObject.php, _query, 1056
/home/paintco/public_html/sites/all/modules/civicrm/CRM/Core/DAO.php, insert, 302
/home/paintco/public_html/sites/all/modules/civicrm/CRM/Core/BAO/Email.php, save, 76
/home/paintco/public_html/sites/all/modules/civicrm/CRM/Core/BAO/Block.php(341) : eval()'d code, add, 1
/home/paintco/public_html/sites/all/modules/civicrm/CRM/Core/BAO/Block.php, eval, 341
/home/paintco/public_html/sites/all/modules/civicrm/CRM/Core/BAO/Location.php(75) : eval()'d code, create, 1
/home/paintco/public_html/sites/all/modules/civicrm/CRM/Core/BAO/Location.php, eval, 75
/home/paintco/public_html/sites/all/modules/civicrm/CRM/Contact/BAO/Contact.php, create, 323
/home/paintco/public_html/sites/all/modules/civicrm/CRM/Contact/BAO/Contact.php, create, 1568
/home/paintco/public_html/sites/all/modules/civicrm/CRM/Profile/Form.php, createProfileContact, 1037
/home/paintco/public_html/sites/all/modules/civicrm/CRM/Profile/Form/Edit.php, postProcess, 247
/home/paintco/public_html/sites/all/modules/civicrm/CRM/Core/Form.php, postProcess, 254
/home/paintco/public_html/sites/all/modules/civicrm/CRM/Core/StateMachine.php, mainProcess, 167
/home/paintco/public_html/sites/all/modules/civicrm/CRM/Core/QuickForm/Action/Next.php, perform, 64
/home/paintco/public_html/sites/all/modules/civicrm/packages/HTML/QuickForm/Controller.php, perform, 203
/home/paintco/public_html/sites/all/modules/civicrm/packages/HTML/QuickForm/Page.php, handle, 103
/home/paintco/public_html/sites/all/modules/civicrm/CRM/Core/Controller.php, handle, 284
/home/paintco/public_html/sites/all/modules/civicrm/CRM/Utils/Wrapper.php, run, 117
/home/paintco/public_html/sites/all/modules/civicrm/CRM/Core/Invoke.php, run, 355
, profile, 
/home/paintco/public_html/sites/all/modules/civicrm/CRM/Core/Invoke.php, call_user_func, 194
/home/paintco/public_html/sites/all/modules/civicrm/drupal/civicrm.module, invoke, 352
, civicrm_invoke, 
/home/paintco/public_html/includes/menu.inc, call_user_func_array, 350
/home/paintco/public_html/index.php, menu_execute_active_handler, 17

Sep 21 11:53:51  [info] $Fatal Error Details = Array
(
    [callback] => Array
        (
            [0] => CRM_Core_Error
            [1] => handle
        )

    [code] => a515ac9c2796ca0e23adbe92c68fc9fc
    [message] => DB Error: a515ac9c2796ca0e23adbe92c68fc9fc
    [mode] => 16
    [debug_info] => INSERT INTO civicrm_email (contact_id , location_type_id , email , is_primary , is_billing ) VALUES ( 1197 ,  1 , 'a113058@aol.com' ,  1 ,  0 )  [nativecode=1213 ** Deadlock found when trying to get lock; try restarting transaction]
    [type] => DB_Error
    [user_info] => INSERT INTO civicrm_email (contact_id , location_type_id , email , is_primary , is_billing ) VALUES ( 1197 ,  1 , 'a113058@aol.com' ,  1 ,  0 )  [nativecode=1213 ** Deadlock found when trying to get lock; try restarting transaction]
    [to_string] => [db_error: message="DB Error: a515ac9c2796ca0e23adbe92c68fc9fc" code=0 mode=callback callback=CRM_Core_Error::handle prefix="" info="INSERT INTO civicrm_email (contact_id , location_type_id , email , is_primary , is_billing ) VALUES ( 1197 ,  1 , 'a113058@aol.com' ,  1 ,  0 )  [nativecode=1213 ** Deadlock found when trying to get lock; try restarting transaction]"]
)


Sep 21 11:53:51  [info] $backTrace = /home/paintco/public_html/sites/all/modules/civicrm/CRM/Core/Error.php, backtrace, 205
, handle, 
/home/paintco/public_html/sites/all/modules/civicrm/packages/PEAR.php, call_user_func, 931
/home/paintco/public_html/sites/all/modules/civicrm/packages/DB.php, PEAR_Error, 971
/home/paintco/public_html/sites/all/modules/civicrm/packages/PEAR.php, DB_Error, 564
/home/paintco/public_html/sites/all/modules/civicrm/packages/DB/common.php, raiseError, 1903
/home/paintco/public_html/sites/all/modules/civicrm/packages/DB/mysql.php, raiseError, 898
/home/paintco/public_html/sites/all/modules/civicrm/packages/DB/mysql.php, mysqlRaiseError, 327
/home/paintco/public_html/sites/all/modules/civicrm/packages/DB/common.php, simpleQuery, 1216
/home/paintco/public_html/sites/all/modules/civicrm/packages/DB/DataObject.php, query, 2428
/home/paintco/public_html/sites/all/modules/civicrm/packages/DB/DataObject.php, _query, 1056
/home/paintco/public_html/sites/all/modules/civicrm/CRM/Core/DAO.php, insert, 302
/home/paintco/public_html/sites/all/modules/civicrm/CRM/Core/BAO/Email.php, save, 76
/home/paintco/public_html/sites/all/modules/civicrm/CRM/Core/BAO/Block.php(341) : eval()'d code, add, 1
/home/paintco/public_html/sites/all/modules/civicrm/CRM/Core/BAO/Block.php, eval, 341
/home/paintco/public_html/sites/all/modules/civicrm/CRM/Core/BAO/Location.php(75) : eval()'d code, create, 1
/home/paintco/public_html/sites/all/modules/civicrm/CRM/Core/BAO/Location.php, eval, 75
/home/paintco/public_html/sites/all/modules/civicrm/CRM/Contact/BAO/Contact.php, create, 323
/home/paintco/public_html/sites/all/modules/civicrm/CRM/Contact/BAO/Contact.php, create, 1568
/home/paintco/public_html/sites/all/modules/civicrm/CRM/Profile/Form.php, createProfileContact, 1037
/home/paintco/public_html/sites/all/modules/civicrm/CRM/Profile/Form/Edit.php, postProcess, 247
/home/paintco/public_html/sites/all/modules/civicrm/CRM/Core/Form.php, postProcess, 254
/home/paintco/public_html/sites/all/modules/civicrm/CRM/Core/StateMachine.php, mainProcess, 167
/home/paintco/public_html/sites/all/modules/civicrm/CRM/Core/QuickForm/Action/Next.php, perform, 64
/home/paintco/public_html/sites/all/modules/civicrm/packages/HTML/QuickForm/Controller.php, perform, 203
/home/paintco/public_html/sites/all/modules/civicrm/packages/HTML/QuickForm/Page.php, handle, 103
/home/paintco/public_html/sites/all/modules/civicrm/CRM/Core/Controller.php, handle, 284
/home/paintco/public_html/sites/all/modules/civicrm/CRM/Utils/Wrapper.php, run, 117
/home/paintco/public_html/sites/all/modules/civicrm/CRM/Core/Invoke.php, run, 355
, profile, 
/home/paintco/public_html/sites/all/modules/civicrm/CRM/Core/Invoke.php, call_user_func, 194
/home/paintco/public_html/sites/all/modules/civicrm/drupal/civicrm.module, invoke, 352
, civicrm_invoke, 
/home/paintco/public_html/includes/menu.inc, call_user_func_array, 350
/home/paintco/public_html/index.php, menu_execute_active_handler, 17

Sep 21 11:53:51  [info] $Fatal Error Details = Array
(
    [callback] => Array
        (
            [0] => CRM_Core_Error
            [1] => handle
        )

    [code] => a515ac9c2796ca0e23adbe92c68fc9fc
    [message] => DB Error: a515ac9c2796ca0e23adbe92c68fc9fc
    [mode] => 16
    [debug_info] => INSERT INTO civicrm_email (contact_id , location_type_id , email , is_primary , is_billing ) VALUES ( 1196 ,  1 , 'a113058@aol.com' ,  1 ,  0 )  [nativecode=1213 ** Deadlock found when trying to get lock; try restarting transaction]
    [type] => DB_Error
    [user_info] => INSERT INTO civicrm_email (contact_id , location_type_id , email , is_primary , is_billing ) VALUES ( 1196 ,  1 , 'a113058@aol.com' ,  1 ,  0 )  [nativecode=1213 ** Deadlock found when trying to get lock; try restarting transaction]
    [to_string] => [db_error: message="DB Error: a515ac9c2796ca0e23adbe92c68fc9fc" code=0 mode=callback callback=CRM_Core_Error::handle prefix="" info="INSERT INTO civicrm_email (contact_id , location_type_id , email , is_primary , is_billing ) VALUES ( 1196 ,  1 , 'a113058@aol.com' ,  1 ,  0 )  [nativecode=1213 ** Deadlock found when trying to get lock; try restarting transaction]"]
)


Sep 21 11:53:51  [info] $backTrace = /home/paintco/public_html/sites/all/modules/civicrm/CRM/Core/Error.php, backtrace, 205
, handle, 
/home/paintco/public_html/sites/all/modules/civicrm/packages/PEAR.php, call_user_func, 931
/home/paintco/public_html/sites/all/modules/civicrm/packages/DB.php, PEAR_Error, 971
/home/paintco/public_html/sites/all/modules/civicrm/packages/PEAR.php, DB_Error, 564
/home/paintco/public_html/sites/all/modules/civicrm/packages/DB/common.php, raiseError, 1903
/home/paintco/public_html/sites/all/modules/civicrm/packages/DB/mysql.php, raiseError, 898
/home/paintco/public_html/sites/all/modules/civicrm/packages/DB/mysql.php, mysqlRaiseError, 327
/home/paintco/public_html/sites/all/modules/civicrm/packages/DB/common.php, simpleQuery, 1216
/home/paintco/public_html/sites/all/modules/civicrm/packages/DB/DataObject.php, query, 2428
/home/paintco/public_html/sites/all/modules/civicrm/packages/DB/DataObject.php, _query, 1056
/home/paintco/public_html/sites/all/modules/civicrm/CRM/Core/DAO.php, insert, 302
/home/paintco/public_html/sites/all/modules/civicrm/CRM/Core/BAO/Email.php, save, 76
/home/paintco/public_html/sites/all/modules/civicrm/CRM/Core/BAO/Block.php(341) : eval()'d code, add, 1
/home/paintco/public_html/sites/all/modules/civicrm/CRM/Core/BAO/Block.php, eval, 341
/home/paintco/public_html/sites/all/modules/civicrm/CRM/Core/BAO/Location.php(75) : eval()'d code, create, 1
/home/paintco/public_html/sites/all/modules/civicrm/CRM/Core/BAO/Location.php, eval, 75
/home/paintco/public_html/sites/all/modules/civicrm/CRM/Contact/BAO/Contact.php, create, 323
/home/paintco/public_html/sites/all/modules/civicrm/CRM/Contact/BAO/Contact.php, create, 1568
/home/paintco/public_html/sites/all/modules/civicrm/CRM/Profile/Form.php, createProfileContact, 1037
/home/paintco/public_html/sites/all/modules/civicrm/CRM/Profile/Form/Edit.php, postProcess, 247
/home/paintco/public_html/sites/all/modules/civicrm/CRM/Core/Form.php, postProcess, 254
/home/paintco/public_html/sites/all/modules/civicrm/CRM/Core/StateMachine.php, mainProcess, 167
/home/paintco/public_html/sites/all/modules/civicrm/CRM/Core/QuickForm/Action/Next.php, perform, 64
/home/paintco/public_html/sites/all/modules/civicrm/packages/HTML/QuickForm/Controller.php, perform, 203
/home/paintco/public_html/sites/all/modules/civicrm/packages/HTML/QuickForm/Page.php, handle, 103
/home/paintco/public_html/sites/all/modules/civicrm/CRM/Core/Controller.php, handle, 284
/home/paintco/public_html/sites/all/modules/civicrm/CRM/Utils/Wrapper.php, run, 117
/home/paintco/public_html/sites/all/modules/civicrm/CRM/Core/Invoke.php, run, 355
, profile, 
/home/paintco/public_html/sites/all/modules/civicrm/CRM/Core/Invoke.php, call_user_func, 194
/home/paintco/public_html/sites/all/modules/civicrm/drupal/civicrm.module, invoke, 352
, civicrm_invoke, 
/home/paintco/public_html/includes/menu.inc, call_user_func_array, 350
/home/paintco/public_html/index.php, menu_execute_active_handler, 17

Sep 21 11:53:51  [info] $Fatal Error Details = Array
(
    [callback] => Array
        (
            [0] => CRM_Core_Error
            [1] => handle
        )

    [code] => a515ac9c2796ca0e23adbe92c68fc9fc
    [message] => DB Error: a515ac9c2796ca0e23adbe92c68fc9fc
    [mode] => 16
    [debug_info] => INSERT INTO civicrm_email (contact_id , location_type_id , email , is_primary , is_billing ) VALUES ( 1195 ,  1 , 'a113058@aol.com' ,  1 ,  0 )  [nativecode=1213 ** Deadlock found when trying to get lock; try restarting transaction]
    [type] => DB_Error
    [user_info] => INSERT INTO civicrm_email (contact_id , location_type_id , email , is_primary , is_billing ) VALUES ( 1195 ,  1 , 'a113058@aol.com' ,  1 ,  0 )  [nativecode=1213 ** Deadlock found when trying to get lock; try restarting transaction]
    [to_string] => [db_error: message="DB Error: a515ac9c2796ca0e23adbe92c68fc9fc" code=0 mode=callback callback=CRM_Core_Error::handle prefix="" info="INSERT INTO civicrm_email (contact_id , location_type_id , email , is_primary , is_billing ) VALUES ( 1195 ,  1 , 'a113058@aol.com' ,  1 ,  0 )  [nativecode=1213 ** Deadlock found when trying to get lock; try restarting transaction]"]
)


Sep 21 11:53:51  [info] $backTrace = /home/paintco/public_html/sites/all/modules/civicrm/CRM/Core/Error.php, backtrace, 205
, handle, 
/home/paintco/public_html/sites/all/modules/civicrm/packages/PEAR.php, call_user_func, 931
/home/paintco/public_html/sites/all/modules/civicrm/packages/DB.php, PEAR_Error, 971
/home/paintco/public_html/sites/all/modules/civicrm/packages/PEAR.php, DB_Error, 564
/home/paintco/public_html/sites/all/modules/civicrm/packages/DB/common.php, raiseError, 1903
/home/paintco/public_html/sites/all/modules/civicrm/packages/DB/mysql.php, raiseError, 898
/home/paintco/public_html/sites/all/modules/civicrm/packages/DB/mysql.php, mysqlRaiseError, 327
/home/paintco/public_html/sites/all/modules/civicrm/packages/DB/common.php, simpleQuery, 1216
/home/paintco/public_html/sites/all/modules/civicrm/packages/DB/DataObject.php, query, 2428
/home/paintco/public_html/sites/all/modules/civicrm/packages/DB/DataObject.php, _query, 1056
/home/paintco/public_html/sites/all/modules/civicrm/CRM/Core/DAO.php, insert, 302
/home/paintco/public_html/sites/all/modules/civicrm/CRM/Core/BAO/Email.php, save, 76
/home/paintco/public_html/sites/all/modules/civicrm/CRM/Core/BAO/Block.php(341) : eval()'d code, add, 1
/home/paintco/public_html/sites/all/modules/civicrm/CRM/Core/BAO/Block.php, eval, 341
/home/paintco/public_html/sites/all/modules/civicrm/CRM/Core/BAO/Location.php(75) : eval()'d code, create, 1
/home/paintco/public_html/sites/all/modules/civicrm/CRM/Core/BAO/Location.php, eval, 75
/home/paintco/public_html/sites/all/modules/civicrm/CRM/Contact/BAO/Contact.php, create, 323
/home/paintco/public_html/sites/all/modules/civicrm/CRM/Contact/BAO/Contact.php, create, 1568
/home/paintco/public_html/sites/all/modules/civicrm/CRM/Profile/Form.php, createProfileContact, 1037
/home/paintco/public_html/sites/all/modules/civicrm/CRM/Profile/Form/Edit.php, postProcess, 247
/home/paintco/public_html/sites/all/modules/civicrm/CRM/Core/Form.php, postProcess, 254
/home/paintco/public_html/sites/all/modules/civicrm/CRM/Core/StateMachine.php, mainProcess, 167
/home/paintco/public_html/sites/all/modules/civicrm/CRM/Core/QuickForm/Action/Next.php, perform, 64
/home/paintco/public_html/sites/all/modules/civicrm/packages/HTML/QuickForm/Controller.php, perform, 203
/home/paintco/public_html/sites/all/modules/civicrm/packages/HTML/QuickForm/Page.php, handle, 103
/home/paintco/public_html/sites/all/modules/civicrm/CRM/Core/Controller.php, handle, 284
/home/paintco/public_html/sites/all/modules/civicrm/CRM/Utils/Wrapper.php, run, 117
/home/paintco/public_html/sites/all/modules/civicrm/CRM/Core/Invoke.php, run, 355
, profile, 
/home/paintco/public_html/sites/all/modules/civicrm/CRM/Core/Invoke.php, call_user_func, 194
/home/paintco/public_html/sites/all/modules/civicrm/drupal/civicrm.module, invoke, 352
, civicrm_invoke, 
/home/paintco/public_html/includes/menu.inc, call_user_func_array, 350
/home/paintco/public_html/index.php, menu_execute_active_handler, 17

Sep 23 17:33:57  [info] $Fatal Error Details = Array
(
    [callback] => Array
        (
            [0] => CRM_Core_Error
            [1] => handle
        )

    [code] => a515ac9c2796ca0e23adbe92c68fc9fc
    [message] => DB Error: a515ac9c2796ca0e23adbe92c68fc9fc
    [mode] => 16
    [debug_info] => INSERT INTO civicrm_email (contact_id , location_type_id , email , is_primary , is_billing ) VALUES ( 1198 ,  1 , 'sundiata83201@verizon.net' ,  1 ,  0 )  [nativecode=1213 ** Deadlock found when trying to get lock; try restarting transaction]
    [type] => DB_Error
    [user_info] => INSERT INTO civicrm_email (contact_id , location_type_id , email , is_primary , is_billing ) VALUES ( 1198 ,  1 , 'sundiata83201@verizon.net' ,  1 ,  0 )  [nativecode=1213 ** Deadlock found when trying to get lock; try restarting transaction]
    [to_string] => [db_error: message="DB Error: a515ac9c2796ca0e23adbe92c68fc9fc" code=0 mode=callback callback=CRM_Core_Error::handle prefix="" info="INSERT INTO civicrm_email (contact_id , location_type_id , email , is_primary , is_billing ) VALUES ( 1198 ,  1 , 'sundiata83201@verizon.net' ,  1 ,  0 )  [nativecode=1213 ** Deadlock found when trying to get lock; try restarting transaction]"]
)


Sep 23 17:33:57  [info] $backTrace = /home/paintco/public_html/sites/all/modules/civicrm/CRM/Core/Error.php, backtrace, 205
, handle, 
/home/paintco/public_html/sites/all/modules/civicrm/packages/PEAR.php, call_user_func, 931
/home/paintco/public_html/sites/all/modules/civicrm/packages/DB.php, PEAR_Error, 971
/home/paintco/public_html/sites/all/modules/civicrm/packages/PEAR.php, DB_Error, 564
/home/paintco/public_html/sites/all/modules/civicrm/packages/DB/common.php, raiseError, 1903
/home/paintco/public_html/sites/all/modules/civicrm/packages/DB/mysql.php, raiseError, 898
/home/paintco/public_html/sites/all/modules/civicrm/packages/DB/mysql.php, mysqlRaiseError, 327
/home/paintco/public_html/sites/all/modules/civicrm/packages/DB/common.php, simpleQuery, 1216
/home/paintco/public_html/sites/all/modules/civicrm/packages/DB/DataObject.php, query, 2428
/home/paintco/public_html/sites/all/modules/civicrm/packages/DB/DataObject.php, _query, 1056
/home/paintco/public_html/sites/all/modules/civicrm/CRM/Core/DAO.php, insert, 302
/home/paintco/public_html/sites/all/modules/civicrm/CRM/Core/BAO/Email.php, save, 76
/home/paintco/public_html/sites/all/modules/civicrm/CRM/Core/BAO/Block.php(341) : eval()'d code, add, 1
/home/paintco/public_html/sites/all/modules/civicrm/CRM/Core/BAO/Block.php, eval, 341
/home/paintco/public_html/sites/all/modules/civicrm/CRM/Core/BAO/Location.php(75) : eval()'d code, create, 1
/home/paintco/public_html/sites/all/modules/civicrm/CRM/Core/BAO/Location.php, eval, 75
/home/paintco/public_html/sites/all/modules/civicrm/CRM/Contact/BAO/Contact.php, create, 323
/home/paintco/public_html/sites/all/modules/civicrm/CRM/Contact/BAO/Contact.php, create, 1568
/home/paintco/public_html/sites/all/modules/civicrm/CRM/Profile/Form.php, createProfileContact, 1037
/home/paintco/public_html/sites/all/modules/civicrm/CRM/Profile/Form/Edit.php, postProcess, 247
/home/paintco/public_html/sites/all/modules/civicrm/CRM/Core/Form.php, postProcess, 254
/home/paintco/public_html/sites/all/modules/civicrm/CRM/Core/StateMachine.php, mainProcess, 167
/home/paintco/public_html/sites/all/modules/civicrm/CRM/Core/QuickForm/Action/Next.php, perform, 64
/home/paintco/public_html/sites/all/modules/civicrm/packages/HTML/QuickForm/Controller.php, perform, 203
/home/paintco/public_html/sites/all/modules/civicrm/packages/HTML/QuickForm/Page.php, handle, 103
/home/paintco/public_html/sites/all/modules/civicrm/CRM/Core/Controller.php, handle, 284
/home/paintco/public_html/sites/all/modules/civicrm/CRM/Utils/Wrapper.php, run, 117
/home/paintco/public_html/sites/all/modules/civicrm/CRM/Core/Invoke.php, run, 355
, profile, 
/home/paintco/public_html/sites/all/modules/civicrm/CRM/Core/Invoke.php, call_user_func, 194
/home/paintco/public_html/sites/all/modules/civicrm/drupal/civicrm.module, invoke, 352
, civicrm_invoke, 
/home/paintco/public_html/includes/menu.inc, call_user_func_array, 350
/home/paintco/public_html/index.php, menu_execute_active_handler, 17

