Jan 26 15:09:07  [info] $Fatal Error Details = Array
(
    [callback] => Array
        (
            [0] => CRM_Core_Error
            [1] => handle
        )

    [code] => -18
    [message] => DB Error: no such table
    [mode] => 16
    [debug_info] =>  SELECT cli.id
FROM `civicrm_line_item` cli
INNER JOIN civicrm_membership_payment cmp ON cmp.contribution_id = cli.entity_id AND cli.entity_table = 'civicrm_contribution'
INNER JOIN civicrm_price_field_value cpfv ON cpfv.id = cli.price_field_value_id
INNER JOIN civicrm_price_field cpf ON cpf.id = cpfv.price_field_id and cpf.id != cli.price_field_id
INNER JOIN civicrm_price_set cps ON cps.id = cpf.price_set_id AND cps.name <>'default_membership_type_amount'  [nativecode=1146 ** Table 'paintco_civicrm.civicrm_price_field_value' doesn't exist]
    [type] => DB_Error
    [user_info] =>  SELECT cli.id
FROM `civicrm_line_item` cli
INNER JOIN civicrm_membership_payment cmp ON cmp.contribution_id = cli.entity_id AND cli.entity_table = 'civicrm_contribution'
INNER JOIN civicrm_price_field_value cpfv ON cpfv.id = cli.price_field_value_id
INNER JOIN civicrm_price_field cpf ON cpf.id = cpfv.price_field_id and cpf.id != cli.price_field_id
INNER JOIN civicrm_price_set cps ON cps.id = cpf.price_set_id AND cps.name <>'default_membership_type_amount'  [nativecode=1146 ** Table 'paintco_civicrm.civicrm_price_field_value' doesn't exist]
    [to_string] => [db_error: message="DB Error: no such table" code=-18 mode=callback callback=CRM_Core_Error::handle prefix="" info=" SELECT cli.id
FROM `civicrm_line_item` cli
INNER JOIN civicrm_membership_payment cmp ON cmp.contribution_id = cli.entity_id AND cli.entity_table = 'civicrm_contribution'
INNER JOIN civicrm_price_field_value cpfv ON cpfv.id = cli.price_field_value_id
INNER JOIN civicrm_price_field cpf ON cpf.id = cpfv.price_field_id and cpf.id != cli.price_field_id
INNER JOIN civicrm_price_set cps ON cps.id = cpf.price_set_id AND cps.name <>'default_membership_type_amount'  [nativecode=1146 ** Table 'paintco_civicrm.civicrm_price_field_value' doesn't exist]"]
)


Jan 26 15:09:07  [info] $backTrace = #0 /home/paintco/public_html/sites/all/modules/civicrm/CRM/Core/Error.php(196): CRM_Core_Error::backtrace("backTrace", TRUE)
#1 [internal function](): CRM_Core_Error::handle(Object(DB_Error))
#2 /home/paintco/public_html/sites/all/modules/civicrm/packages/PEAR.php(931): call_user_func((Array:2), Object(DB_Error))
#3 /home/paintco/public_html/sites/all/modules/civicrm/packages/DB.php(968): PEAR_Error->PEAR_Error("DB Error: no such table", -18, 16, (Array:2), " SELECT cli.id\nFROM `civicrm_line_item` cli\nINNER JOIN civicrm_membership_p...")
#4 /home/paintco/public_html/sites/all/modules/civicrm/packages/PEAR.php(564): DB_Error->DB_Error(-18, 16, (Array:2), " SELECT cli.id\nFROM `civicrm_line_item` cli\nINNER JOIN civicrm_membership_p...")
#5 /home/paintco/public_html/sites/all/modules/civicrm/packages/DB/common.php(1903): PEAR->raiseError(NULL, -18, NULL, NULL, " SELECT cli.id\nFROM `civicrm_line_item` cli\nINNER JOIN civicrm_membership_p...", "DB_Error", TRUE)
#6 /home/paintco/public_html/sites/all/modules/civicrm/packages/DB/mysql.php(898): DB_common->raiseError(-18, NULL, NULL, NULL, "1146 ** Table 'paintco_civicrm.civicrm_price_field_value' doesn't exist")
#7 /home/paintco/public_html/sites/all/modules/civicrm/packages/DB/mysql.php(327): DB_mysql->mysqlRaiseError()
#8 /home/paintco/public_html/sites/all/modules/civicrm/packages/DB/common.php(1216): DB_mysql->simpleQuery(" SELECT cli.id\nFROM `civicrm_line_item` cli\nINNER JOIN civicrm_membership_p...")
#9 /home/paintco/public_html/sites/all/modules/civicrm/packages/DB/DataObject.php(2421): DB_common->query(" SELECT cli.id\nFROM `civicrm_line_item` cli\nINNER JOIN civicrm_membership_p...")
#10 /home/paintco/public_html/sites/all/modules/civicrm/packages/DB/DataObject.php(1613): DB_DataObject->_query(" SELECT cli.id\nFROM `civicrm_line_item` cli\nINNER JOIN civicrm_membership_p...")
#11 /home/paintco/public_html/sites/all/modules/civicrm/CRM/Core/DAO.php(155): DB_DataObject->query(" SELECT cli.id\nFROM `civicrm_line_item` cli\nINNER JOIN civicrm_membership_p...")
#12 /home/paintco/public_html/sites/all/modules/civicrm/CRM/Core/DAO.php(922): CRM_Core_DAO->query(" SELECT cli.id\nFROM `civicrm_line_item` cli\nINNER JOIN civicrm_membership_p...", TRUE)
#13 /home/paintco/public_html/sites/all/modules/civicrm/CRM/Upgrade/Incremental/php/FourTwo.php(121): CRM_Core_DAO::executeQuery(" SELECT cli.id\nFROM `civicrm_line_item` cli\nINNER JOIN civicrm_membership_p...")
#14 /home/paintco/public_html/sites/all/modules/civicrm/CRM/Upgrade/Form.php(624): CRM_Upgrade_Incremental_php_FourTwo->setPreUpgradeMessage(NULL, "4.2.2")
#15 /home/paintco/public_html/sites/all/modules/civicrm/CRM/Upgrade/Page/Upgrade.php(109): CRM_Upgrade_Form->setPreUpgradeMessage(NULL, "3.1.2", "4.2.7")
#16 /home/paintco/public_html/sites/all/modules/civicrm/CRM/Upgrade/Page/Upgrade.php(68): CRM_Upgrade_Page_Upgrade->runIntro()
#17 /home/paintco/public_html/sites/all/modules/civicrm/CRM/Core/Invoke.php(220): CRM_Upgrade_Page_Upgrade->run((Array:2), NULL)
#18 /home/paintco/public_html/sites/all/modules/civicrm/CRM/Core/Invoke.php(51): CRM_Core_Invoke::_invoke((Array:2))
#19 /home/paintco/public_html/sites/all/modules/civicrm/drupal/civicrm.module(382): CRM_Core_Invoke::invoke((Array:2))
#20 [internal function](): civicrm_invoke("upgrade")
#21 /home/paintco/public_html/includes/menu.inc(350): call_user_func_array("civicrm_invoke", (Array:1))
#22 /home/paintco/public_html/index.php(17): menu_execute_active_handler()
#23 {main}


Jan 26 15:12:35  [info] $Fatal Error Details = Array
(
    [callback] => Array
        (
            [0] => CRM_Core_Error
            [1] => handle
        )

    [code] => -18
    [message] => DB Error: no such table
    [mode] => 16
    [debug_info] => SELECT * 
 FROM civicrm_setting 
 
 WHERE (  civicrm_setting.group_name  = 'Mailing Preferences' )  AND (  civicrm_setting.domain_id = 1 ) AND (  civicrm_setting.is_domain = 1 ) 
 
 
 
 [nativecode=1146 ** Table 'paintco_civicrm.civicrm_setting' doesn't exist]
    [type] => DB_Error
    [user_info] => SELECT * 
 FROM civicrm_setting 
 
 WHERE (  civicrm_setting.group_name  = 'Mailing Preferences' )  AND (  civicrm_setting.domain_id = 1 ) AND (  civicrm_setting.is_domain = 1 ) 
 
 
 
 [nativecode=1146 ** Table 'paintco_civicrm.civicrm_setting' doesn't exist]
    [to_string] => [db_error: message="DB Error: no such table" code=-18 mode=callback callback=CRM_Core_Error::handle prefix="" info="SELECT * 
 FROM civicrm_setting 
 
 WHERE (  civicrm_setting.group_name  = 'Mailing Preferences' )  AND (  civicrm_setting.domain_id = 1 ) AND (  civicrm_setting.is_domain = 1 ) 
 
 
 
 [nativecode=1146 ** Table 'paintco_civicrm.civicrm_setting' doesn't exist]"]
)


Jan 26 15:12:35  [info] $backTrace = /home/paintco/public_html/sites/all/modules/civicrm/CRM/Core/Error.php, backtrace, 205
, handle, 
/home/paintco/public_html/sites/all/modules/civicrm/packages/PEAR.php, call_user_func, 931
/home/paintco/public_html/sites/all/modules/civicrm/packages/DB.php, PEAR_Error, 968
/home/paintco/public_html/sites/all/modules/civicrm/packages/PEAR.php, DB_Error, 564
/home/paintco/public_html/sites/all/modules/civicrm/packages/DB/common.php, raiseError, 1903
/home/paintco/public_html/sites/all/modules/civicrm/packages/DB/mysql.php, raiseError, 898
/home/paintco/public_html/sites/all/modules/civicrm/packages/DB/mysql.php, mysqlRaiseError, 327
/home/paintco/public_html/sites/all/modules/civicrm/packages/DB/common.php, simpleQuery, 1216
/home/paintco/public_html/sites/all/modules/civicrm/packages/DB/DataObject.php, query, 2428
/home/paintco/public_html/sites/all/modules/civicrm/packages/DB/DataObject.php, _query, 442
/home/paintco/public_html/sites/all/modules/civicrm/CRM/Core/BAO/Setting.php, find, 173
/home/paintco/public_html/sites/all/modules/civicrm/CRM/Mailing/Info.php, getItem, 77
/home/paintco/public_html/sites/all/modules/civicrm/CRM/Upgrade/Incremental/php/ThreeThree.php, workflowEnabled, 342
/home/paintco/public_html/sites/all/modules/civicrm/CRM/Upgrade/Page/Upgrade.php, upgrade_3_3_2, 265
/home/paintco/public_html/sites/all/modules/civicrm/CRM/Core/Invoke.php, run, 227
/home/paintco/public_html/sites/all/modules/civicrm/drupal/civicrm.module, invoke, 352
, civicrm_invoke, 
/home/paintco/public_html/includes/menu.inc, call_user_func_array, 350
/home/paintco/public_html/index.php, menu_execute_active_handler, 17

Jan 26 15:24:10  [info] $Fatal Error Details = Array
(
    [message] => Database check failed - the database looks to have been partially upgraded. You may want to reload the database with the backup and try the upgrade process again.
    [code] => 
)


Jan 26 15:24:10  [info] $backTrace = /home/paintco/public_html/sites/all/modules/civicrm/CRM/Core/Error.php, backtrace, 303
/home/paintco/public_html/sites/all/modules/civicrm/CRM/Upgrade/Page/Upgrade.php, fatal, 58
/home/paintco/public_html/sites/all/modules/civicrm/CRM/Core/Invoke.php, run, 227
/home/paintco/public_html/sites/all/modules/civicrm/drupal/civicrm.module, invoke, 352
, civicrm_invoke, 
/home/paintco/public_html/includes/menu.inc, call_user_func_array, 350
/home/paintco/public_html/index.php, menu_execute_active_handler, 17

